{"C:\\Users\\User\\Desktop\\Escuela\\Portafolio\\001-PRACTICAS\\P001-CRUD POKEMON\\mocks\\mockPokemon.js": {"path":"C:\\Users\\User\\Desktop\\Escuela\\Portafolio\\001-PRACTICAS\\P001-CRUD POKEMON\\mocks\\mockPokemon.js","statementMap":{"0":{"start":{"line":1,"column":27},"end":{"line":7,"column":1}},"1":{"start":{"line":10,"column":27},"end":{"line":13,"column":1}},"2":{"start":{"line":16,"column":29},"end":{"line":19,"column":1}}},"fnMap":{},"branchMap":{},"s":{"0":1,"1":1,"2":1},"f":{},"b":{},"meta":{"lastBranch":0,"lastFunction":0,"lastStatement":3,"seen":{"s:1:27:7:1":0,"s:10:27:13:1":1,"s:16:29:19:1":2}}}
,"C:\\Users\\User\\Desktop\\Escuela\\Portafolio\\001-PRACTICAS\\P001-CRUD POKEMON\\src\\components\\form-component\\form-component.js": {"path":"C:\\Users\\User\\Desktop\\Escuela\\Portafolio\\001-PRACTICAS\\P001-CRUD POKEMON\\src\\components\\form-component\\form-component.js","statementMap":{"0":{"start":{"line":16,"column":24},"end":{"line":19,"column":5}},"1":{"start":{"line":32,"column":20},"end":{"line":32,"column":35}},"2":{"start":{"line":21,"column":8},"end":{"line":21,"column":16}},"3":{"start":{"line":22,"column":8},"end":{"line":28,"column":10}},"4":{"start":{"line":29,"column":8},"end":{"line":29,"column":37}},"5":{"start":{"line":35,"column":8},"end":{"line":48,"column":10}},"6":{"start":{"line":54,"column":12},"end":{"line":54,"column":31}},"7":{"start":{"line":55,"column":27},"end":{"line":55,"column":80}},"8":{"start":{"line":56,"column":25},"end":{"line":56,"column":81}},"9":{"start":{"line":57,"column":27},"end":{"line":57,"column":85}},"10":{"start":{"line":59,"column":25},"end":{"line":59,"column":55}},"11":{"start":{"line":60,"column":12},"end":{"line":63,"column":13}},"12":{"start":{"line":61,"column":16},"end":{"line":61,"column":41}},"13":{"start":{"line":62,"column":16},"end":{"line":62,"column":23}},"14":{"start":{"line":64,"column":12},"end":{"line":64,"column":74}},"15":{"start":{"line":65,"column":11},"end":{"line":65,"column":25}},"16":{"start":{"line":68,"column":16},"end":{"line":74,"column":14}},"17":{"start":{"line":81,"column":12},"end":{"line":97,"column":14}},"18":{"start":{"line":85,"column":20},"end":{"line":94,"column":22}},"19":{"start":{"line":100,"column":39},"end":{"line":100,"column":47}},"20":{"start":{"line":101,"column":12},"end":{"line":105,"column":13}},"21":{"start":{"line":102,"column":16},"end":{"line":102,"column":78}},"22":{"start":{"line":104,"column":16},"end":{"line":104,"column":91}},"23":{"start":{"line":104,"column":78},"end":{"line":104,"column":89}},"24":{"start":{"line":112,"column":33},"end":{"line":112,"column":35}},"25":{"start":{"line":113,"column":23},"end":{"line":113,"column":69}},"26":{"start":{"line":114,"column":29},"end":{"line":114,"column":51}},"27":{"start":{"line":115,"column":12},"end":{"line":117,"column":13}},"28":{"start":{"line":116,"column":16},"end":{"line":116,"column":43}},"29":{"start":{"line":118,"column":12},"end":{"line":124,"column":14}},"30":{"start":{"line":125,"column":12},"end":{"line":125,"column":54}},"31":{"start":{"line":126,"column":11},"end":{"line":126,"column":50}},"32":{"start":{"line":131,"column":0},"end":{"line":131,"column":null}}},"fnMap":{"0":{"name":"(anonymous_0)","decl":{"start":{"line":20,"column":4},"end":{"line":20,"column":15}},"loc":{"start":{"line":20,"column":17},"end":{"line":30,"column":5}},"line":20},"1":{"name":"(anonymous_1)","decl":{"start":{"line":34,"column":4},"end":{"line":34,"column":10}},"loc":{"start":{"line":34,"column":12},"end":{"line":49,"column":5}},"line":34},"2":{"name":"(anonymous_2)","decl":{"start":{"line":53,"column":8},"end":{"line":53,"column":21}},"loc":{"start":{"line":53,"column":24},"end":{"line":66,"column":9}},"line":53},"3":{"name":"(anonymous_3)","decl":{"start":{"line":67,"column":8},"end":{"line":67,"column":18}},"loc":{"start":{"line":67,"column":21},"end":{"line":75,"column":9}},"line":67},"4":{"name":"(anonymous_4)","decl":{"start":{"line":80,"column":8},"end":{"line":80,"column":22}},"loc":{"start":{"line":80,"column":24},"end":{"line":98,"column":9}},"line":80},"5":{"name":"(anonymous_5)","decl":{"start":{"line":84,"column":33},"end":{"line":84,"column":34}},"loc":{"start":{"line":84,"column":45},"end":{"line":95,"column":17}},"line":84},"6":{"name":"(anonymous_6)","decl":{"start":{"line":99,"column":8},"end":{"line":99,"column":29}},"loc":{"start":{"line":99,"column":33},"end":{"line":106,"column":9}},"line":99},"7":{"name":"(anonymous_7)","decl":{"start":{"line":104,"column":73},"end":{"line":104,"column":74}},"loc":{"start":{"line":104,"column":78},"end":{"line":104,"column":89}},"line":104},"8":{"name":"(anonymous_8)","decl":{"start":{"line":111,"column":8},"end":{"line":111,"column":17}},"loc":{"start":{"line":111,"column":30},"end":{"line":127,"column":9}},"line":111}},"branchMap":{"0":{"loc":{"start":{"line":60,"column":12},"end":{"line":63,"column":13}},"type":"if","locations":[{"start":{"line":60,"column":12},"end":{"line":63,"column":13}},{"start":{},"end":{}}],"line":60},"1":{"loc":{"start":{"line":60,"column":16},"end":{"line":60,"column":124}},"type":"binary-expr","locations":[{"start":{"line":60,"column":17},"end":{"line":60,"column":24}},{"start":{"line":60,"column":30},"end":{"line":60,"column":41}},{"start":{"line":60,"column":47},"end":{"line":60,"column":60}},{"start":{"line":60,"column":66},"end":{"line":60,"column":76}},{"start":{"line":60,"column":82},"end":{"line":60,"column":91}},{"start":{"line":60,"column":97},"end":{"line":60,"column":108}},{"start":{"line":60,"column":114},"end":{"line":60,"column":123}}],"line":60},"2":{"loc":{"start":{"line":101,"column":12},"end":{"line":105,"column":13}},"type":"if","locations":[{"start":{"line":101,"column":12},"end":{"line":105,"column":13}},{"start":{"line":103,"column":19},"end":{"line":105,"column":13}}],"line":101},"3":{"loc":{"start":{"line":115,"column":12},"end":{"line":117,"column":13}},"type":"if","locations":[{"start":{"line":115,"column":12},"end":{"line":117,"column":13}},{"start":{},"end":{}}],"line":115}},"s":{"0":2,"1":2,"2":6,"3":6,"4":6,"5":8,"6":2,"7":2,"8":2,"9":2,"10":2,"11":2,"12":1,"13":1,"14":1,"15":1,"16":1,"17":8,"18":32,"19":2,"20":2,"21":2,"22":0,"23":0,"24":1,"25":1,"26":1,"27":1,"28":0,"29":1,"30":1,"31":1,"32":2},"f":{"0":6,"1":8,"2":2,"3":1,"4":8,"5":32,"6":2,"7":0,"8":1},"b":{"0":[1,1],"1":[2,1,1,1,1,1,1],"2":[2,0],"3":[0,1]},"meta":{"lastBranch":4,"lastFunction":9,"lastStatement":33,"seen":{"s:16:24:19:5":0,"s:32:20:32:35":1,"f:20:4:20:15":0,"s:21:8:21:16":2,"s:22:8:28:10":3,"s:29:8:29:37":4,"f:34:4:34:10":1,"s:35:8:48:10":5,"f:53:8:53:21":2,"s:54:12:54:31":6,"s:55:27:55:80":7,"s:56:25:56:81":8,"s:57:27:57:85":9,"s:59:25:59:55":10,"b:60:12:63:13:undefined:undefined:undefined:undefined":0,"s:60:12:63:13":11,"b:60:17:60:24:60:30:60:41:60:47:60:60:60:66:60:76:60:82:60:91:60:97:60:108:60:114:60:123":1,"s:61:16:61:41":12,"s:62:16:62:23":13,"s:64:12:64:74":14,"s:65:11:65:25":15,"f:67:8:67:18":3,"s:68:16:74:14":16,"f:80:8:80:22":4,"s:81:12:97:14":17,"f:84:33:84:34":5,"s:85:20:94:22":18,"f:99:8:99:29":6,"s:100:39:100:47":19,"b:101:12:105:13:103:19:105:13":2,"s:101:12:105:13":20,"s:102:16:102:78":21,"s:104:16:104:91":22,"f:104:73:104:74":7,"s:104:78:104:89":23,"f:111:8:111:17":8,"s:112:33:112:35":24,"s:113:23:113:69":25,"s:114:29:114:51":26,"b:115:12:117:13:undefined:undefined:undefined:undefined":3,"s:115:12:117:13":27,"s:116:16:116:43":28,"s:118:12:124:14":29,"s:125:12:125:54":30,"s:126:11:126:50":31,"s:131:0:131:Infinity":32}}}
,"C:\\Users\\User\\Desktop\\Escuela\\Portafolio\\001-PRACTICAS\\P001-CRUD POKEMON\\src\\components\\layout-component\\layout-component.js": {"path":"C:\\Users\\User\\Desktop\\Escuela\\Portafolio\\001-PRACTICAS\\P001-CRUD POKEMON\\src\\components\\layout-component\\layout-component.js","statementMap":{"0":{"start":{"line":15,"column":24},"end":{"line":17,"column":5}},"1":{"start":{"line":33,"column":20},"end":{"line":33,"column":35}},"2":{"start":{"line":19,"column":8},"end":{"line":19,"column":16}},"3":{"start":{"line":20,"column":8},"end":{"line":20,"column":27}},"4":{"start":{"line":23,"column":28},"end":{"line":23,"column":58}},"5":{"start":{"line":24,"column":8},"end":{"line":30,"column":9}},"6":{"start":{"line":25,"column":12},"end":{"line":25,"column":40}},"7":{"start":{"line":26,"column":12},"end":{"line":26,"column":37}},"8":{"start":{"line":29,"column":11},"end":{"line":29,"column":57}},"9":{"start":{"line":36,"column":8},"end":{"line":55,"column":10}},"10":{"start":{"line":61,"column":25},"end":{"line":61,"column":69}},"11":{"start":{"line":62,"column":12},"end":{"line":64,"column":15}},"12":{"start":{"line":63,"column":16},"end":{"line":63,"column":49}},"13":{"start":{"line":66,"column":12},"end":{"line":75,"column":13}},"14":{"start":{"line":67,"column":28},"end":{"line":67,"column":54}},"15":{"start":{"line":68,"column":16},"end":{"line":68,"column":48}},"16":{"start":{"line":69,"column":16},"end":{"line":69,"column":50}},"17":{"start":{"line":70,"column":16},"end":{"line":70,"column":62}},"18":{"start":{"line":73,"column":26},"end":{"line":73,"column":49}},"19":{"start":{"line":74,"column":16},"end":{"line":74,"column":56}},"20":{"start":{"line":77,"column":12},"end":{"line":83,"column":14}},"21":{"start":{"line":87,"column":0},"end":{"line":87,"column":null}}},"fnMap":{"0":{"name":"(anonymous_0)","decl":{"start":{"line":18,"column":4},"end":{"line":18,"column":15}},"loc":{"start":{"line":18,"column":17},"end":{"line":21,"column":5}},"line":18},"1":{"name":"(anonymous_1)","decl":{"start":{"line":22,"column":4},"end":{"line":22,"column":16}},"loc":{"start":{"line":22,"column":19},"end":{"line":31,"column":5}},"line":22},"2":{"name":"(anonymous_2)","decl":{"start":{"line":35,"column":4},"end":{"line":35,"column":10}},"loc":{"start":{"line":35,"column":12},"end":{"line":56,"column":5}},"line":35},"3":{"name":"(anonymous_3)","decl":{"start":{"line":60,"column":8},"end":{"line":60,"column":25}},"loc":{"start":{"line":60,"column":28},"end":{"line":84,"column":9}},"line":60},"4":{"name":"(anonymous_4)","decl":{"start":{"line":62,"column":25},"end":{"line":62,"column":26}},"loc":{"start":{"line":62,"column":30},"end":{"line":64,"column":13}},"line":62}},"branchMap":{"0":{"loc":{"start":{"line":24,"column":8},"end":{"line":30,"column":9}},"type":"if","locations":[{"start":{"line":24,"column":8},"end":{"line":30,"column":9}},{"start":{"line":28,"column":12},"end":{"line":30,"column":9}}],"line":24},"1":{"loc":{"start":{"line":66,"column":12},"end":{"line":75,"column":13}},"type":"if","locations":[{"start":{"line":66,"column":12},"end":{"line":75,"column":13}},{"start":{"line":72,"column":16},"end":{"line":75,"column":13}}],"line":66}},"s":{"0":2,"1":2,"2":13,"3":13,"4":13,"5":13,"6":1,"7":1,"8":12,"9":16,"10":3,"11":3,"12":15,"13":3,"14":2,"15":2,"16":2,"17":2,"18":1,"19":1,"20":3,"21":2},"f":{"0":13,"1":13,"2":16,"3":3,"4":15},"b":{"0":[1,12],"1":[2,1]},"meta":{"lastBranch":2,"lastFunction":5,"lastStatement":22,"seen":{"s:15:24:17:5":0,"s:33:20:33:35":1,"f:18:4:18:15":0,"s:19:8:19:16":2,"s:20:8:20:27":3,"f:22:4:22:16":1,"s:23:28:23:58":4,"b:24:8:30:9:28:12:30:9":0,"s:24:8:30:9":5,"s:25:12:25:40":6,"s:26:12:26:37":7,"s:29:11:29:57":8,"f:35:4:35:10":2,"s:36:8:55:10":9,"f:60:8:60:25":3,"s:61:25:61:69":10,"s:62:12:64:15":11,"f:62:25:62:26":4,"s:63:16:63:49":12,"b:66:12:75:13:72:16:75:13":1,"s:66:12:75:13":13,"s:67:28:67:54":14,"s:68:16:68:48":15,"s:69:16:69:50":16,"s:70:16:70:62":17,"s:73:26:73:49":18,"s:74:16:74:56":19,"s:77:12:83:14":20,"s:87:0:87:Infinity":21}}}
,"C:\\Users\\User\\Desktop\\Escuela\\Portafolio\\001-PRACTICAS\\P001-CRUD POKEMON\\src\\components\\list-component\\list-component.js": {"path":"C:\\Users\\User\\Desktop\\Escuela\\Portafolio\\001-PRACTICAS\\P001-CRUD POKEMON\\src\\components\\list-component\\list-component.js","statementMap":{"0":{"start":{"line":17,"column":24},"end":{"line":19,"column":5}},"1":{"start":{"line":25,"column":20},"end":{"line":25,"column":35}},"2":{"start":{"line":21,"column":8},"end":{"line":21,"column":16}},"3":{"start":{"line":22,"column":8},"end":{"line":22,"column":27}},"4":{"start":{"line":28,"column":8},"end":{"line":34,"column":10}},"5":{"start":{"line":39,"column":29},"end":{"line":39,"column":51}},"6":{"start":{"line":40,"column":12},"end":{"line":90,"column":13}},"7":{"start":{"line":41,"column":16},"end":{"line":85,"column":19}},"8":{"start":{"line":41,"column":47},"end":{"line":85,"column":17}},"9":{"start":{"line":48,"column":36},"end":{"line":50,"column":37}},"10":{"start":{"line":87,"column":16},"end":{"line":89,"column":18}},"11":{"start":{"line":97,"column":24},"end":{"line":97,"column":50}},"12":{"start":{"line":98,"column":27},"end":{"line":98,"column":41}},"13":{"start":{"line":99,"column":12},"end":{"line":99,"column":44}},"14":{"start":{"line":102,"column":24},"end":{"line":102,"column":50}},"15":{"start":{"line":103,"column":27},"end":{"line":103,"column":41}},"16":{"start":{"line":104,"column":12},"end":{"line":104,"column":46}},"17":{"start":{"line":111,"column":16},"end":{"line":117,"column":14}},"18":{"start":{"line":121,"column":0},"end":{"line":121,"column":null}}},"fnMap":{"0":{"name":"(anonymous_0)","decl":{"start":{"line":20,"column":4},"end":{"line":20,"column":15}},"loc":{"start":{"line":20,"column":17},"end":{"line":23,"column":5}},"line":20},"1":{"name":"(anonymous_1)","decl":{"start":{"line":27,"column":4},"end":{"line":27,"column":10}},"loc":{"start":{"line":27,"column":12},"end":{"line":35,"column":5}},"line":27},"2":{"name":"(anonymous_2)","decl":{"start":{"line":38,"column":8},"end":{"line":38,"column":20}},"loc":{"start":{"line":38,"column":23},"end":{"line":91,"column":9}},"line":38},"3":{"name":"(anonymous_3)","decl":{"start":{"line":41,"column":37},"end":{"line":41,"column":38}},"loc":{"start":{"line":41,"column":47},"end":{"line":85,"column":17}},"line":41},"4":{"name":"(anonymous_4)","decl":{"start":{"line":47,"column":44},"end":{"line":47,"column":46}},"loc":{"start":{"line":48,"column":36},"end":{"line":50,"column":37}},"line":48},"5":{"name":"(anonymous_5)","decl":{"start":{"line":96,"column":8},"end":{"line":96,"column":17}},"loc":{"start":{"line":96,"column":21},"end":{"line":100,"column":9}},"line":96},"6":{"name":"(anonymous_6)","decl":{"start":{"line":101,"column":8},"end":{"line":101,"column":19}},"loc":{"start":{"line":101,"column":23},"end":{"line":105,"column":9}},"line":101},"7":{"name":"(anonymous_7)","decl":{"start":{"line":110,"column":8},"end":{"line":110,"column":18}},"loc":{"start":{"line":110,"column":25},"end":{"line":118,"column":9}},"line":110}},"branchMap":{"0":{"loc":{"start":{"line":40,"column":12},"end":{"line":90,"column":13}},"type":"if","locations":[{"start":{"line":40,"column":12},"end":{"line":90,"column":13}},{"start":{"line":86,"column":19},"end":{"line":90,"column":13}}],"line":40},"1":{"loc":{"start":{"line":40,"column":16},"end":{"line":40,"column":49}},"type":"binary-expr","locations":[{"start":{"line":40,"column":16},"end":{"line":40,"column":25}},{"start":{"line":40,"column":29},"end":{"line":40,"column":49}}],"line":40}},"s":{"0":2,"1":2,"2":10,"3":10,"4":13,"5":13,"6":13,"7":2,"8":3,"9":3,"10":11,"11":1,"12":1,"13":1,"14":0,"15":0,"16":0,"17":1,"18":2},"f":{"0":10,"1":13,"2":13,"3":3,"4":3,"5":1,"6":0,"7":1},"b":{"0":[2,11],"1":[13,2]},"meta":{"lastBranch":2,"lastFunction":8,"lastStatement":19,"seen":{"s:17:24:19:5":0,"s:25:20:25:35":1,"f:20:4:20:15":0,"s:21:8:21:16":2,"s:22:8:22:27":3,"f:27:4:27:10":1,"s:28:8:34:10":4,"f:38:8:38:20":2,"s:39:29:39:51":5,"b:40:12:90:13:86:19:90:13":0,"s:40:12:90:13":6,"b:40:16:40:25:40:29:40:49":1,"s:41:16:85:19":7,"f:41:37:41:38":3,"s:41:47:85:17":8,"f:47:44:47:46":4,"s:48:36:50:37":9,"s:87:16:89:18":10,"f:96:8:96:17":5,"s:97:24:97:50":11,"s:98:27:98:41":12,"s:99:12:99:44":13,"f:101:8:101:19":6,"s:102:24:102:50":14,"s:103:27:103:41":15,"s:104:12:104:46":16,"f:110:8:110:18":7,"s:111:16:117:14":17,"s:121:0:121:Infinity":18}}}
,"C:\\Users\\User\\Desktop\\Escuela\\Portafolio\\001-PRACTICAS\\P001-CRUD POKEMON\\src\\components\\main-component\\main-component.js": {"path":"C:\\Users\\User\\Desktop\\Escuela\\Portafolio\\001-PRACTICAS\\P001-CRUD POKEMON\\src\\components\\main-component\\main-component.js","statementMap":{"0":{"start":{"line":21,"column":24},"end":{"line":26,"column":5}},"1":{"start":{"line":35,"column":20},"end":{"line":35,"column":35}},"2":{"start":{"line":28,"column":8},"end":{"line":28,"column":16}},"3":{"start":{"line":29,"column":8},"end":{"line":29,"column":31}},"4":{"start":{"line":30,"column":8},"end":{"line":30,"column":28}},"5":{"start":{"line":31,"column":8},"end":{"line":31,"column":23}},"6":{"start":{"line":32,"column":8},"end":{"line":32,"column":29}},"7":{"start":{"line":38,"column":8},"end":{"line":47,"column":10}},"8":{"start":{"line":52,"column":12},"end":{"line":52,"column":41}},"9":{"start":{"line":55,"column":12},"end":{"line":64,"column":13}},"10":{"start":{"line":57,"column":20},"end":{"line":57,"column":102}},"11":{"start":{"line":59,"column":20},"end":{"line":59,"column":73}},"12":{"start":{"line":61,"column":20},"end":{"line":61,"column":67}},"13":{"start":{"line":63,"column":20},"end":{"line":63,"column":67}},"14":{"start":{"line":71,"column":12},"end":{"line":71,"column":33}},"15":{"start":{"line":74,"column":12},"end":{"line":74,"column":38}},"16":{"start":{"line":75,"column":12},"end":{"line":75,"column":32}},"17":{"start":{"line":76,"column":12},"end":{"line":76,"column":36}},"18":{"start":{"line":80,"column":0},"end":{"line":80,"column":null}}},"fnMap":{"0":{"name":"(anonymous_0)","decl":{"start":{"line":27,"column":4},"end":{"line":27,"column":15}},"loc":{"start":{"line":27,"column":17},"end":{"line":33,"column":5}},"line":27},"1":{"name":"(anonymous_1)","decl":{"start":{"line":37,"column":4},"end":{"line":37,"column":10}},"loc":{"start":{"line":37,"column":12},"end":{"line":48,"column":5}},"line":37},"2":{"name":"(anonymous_2)","decl":{"start":{"line":51,"column":8},"end":{"line":51,"column":19}},"loc":{"start":{"line":51,"column":22},"end":{"line":53,"column":9}},"line":51},"3":{"name":"(anonymous_3)","decl":{"start":{"line":54,"column":8},"end":{"line":54,"column":20}},"loc":{"start":{"line":54,"column":22},"end":{"line":65,"column":9}},"line":54},"4":{"name":"(anonymous_4)","decl":{"start":{"line":70,"column":8},"end":{"line":70,"column":19}},"loc":{"start":{"line":70,"column":21},"end":{"line":72,"column":9}},"line":70},"5":{"name":"(anonymous_5)","decl":{"start":{"line":73,"column":8},"end":{"line":73,"column":19}},"loc":{"start":{"line":73,"column":22},"end":{"line":77,"column":9}},"line":73}},"branchMap":{"0":{"loc":{"start":{"line":55,"column":12},"end":{"line":64,"column":13}},"type":"switch","locations":[{"start":{"line":56,"column":16},"end":{"line":57,"column":102}},{"start":{"line":58,"column":16},"end":{"line":59,"column":73}},{"start":{"line":60,"column":15},"end":{"line":61,"column":67}},{"start":{"line":62,"column":16},"end":{"line":63,"column":67}}],"line":55}},"s":{"0":1,"1":1,"2":6,"3":6,"4":6,"5":6,"6":6,"7":10,"8":3,"9":10,"10":8,"11":1,"12":1,"13":0,"14":1,"15":1,"16":1,"17":1,"18":1},"f":{"0":6,"1":10,"2":3,"3":10,"4":1,"5":1},"b":{"0":[8,1,1,0]},"meta":{"lastBranch":1,"lastFunction":6,"lastStatement":19,"seen":{"s:21:24:26:5":0,"s:35:20:35:35":1,"f:27:4:27:15":0,"s:28:8:28:16":2,"s:29:8:29:31":3,"s:30:8:30:28":4,"s:31:8:31:23":5,"s:32:8:32:29":6,"f:37:4:37:10":1,"s:38:8:47:10":7,"f:51:8:51:19":2,"s:52:12:52:41":8,"f:54:8:54:20":3,"b:56:16:57:102:58:16:59:73:60:15:61:67:62:16:63:67":0,"s:55:12:64:13":9,"s:57:20:57:102":10,"s:59:20:59:73":11,"s:61:20:61:67":12,"s:63:20:63:67":13,"f:70:8:70:19":4,"s:71:12:71:33":14,"f:73:8:73:19":5,"s:74:12:74:38":15,"s:75:12:75:32":16,"s:76:12:76:36":17,"s:80:0:80:Infinity":18}}}
,"C:\\Users\\User\\Desktop\\Escuela\\Portafolio\\001-PRACTICAS\\P001-CRUD POKEMON\\src\\components\\modal-component\\modal-component.js": {"path":"C:\\Users\\User\\Desktop\\Escuela\\Portafolio\\001-PRACTICAS\\P001-CRUD POKEMON\\src\\components\\modal-component\\modal-component.js","statementMap":{"0":{"start":{"line":17,"column":24},"end":{"line":22,"column":5}},"1":{"start":{"line":31,"column":20},"end":{"line":31,"column":35}},"2":{"start":{"line":24,"column":8},"end":{"line":24,"column":16}},"3":{"start":{"line":25,"column":8},"end":{"line":25,"column":23}},"4":{"start":{"line":26,"column":8},"end":{"line":26,"column":23}},"5":{"start":{"line":27,"column":8},"end":{"line":27,"column":29}},"6":{"start":{"line":28,"column":8},"end":{"line":28,"column":37}},"7":{"start":{"line":34,"column":8},"end":{"line":49,"column":9}},"8":{"start":{"line":35,"column":12},"end":{"line":48,"column":14}},"9":{"start":{"line":55,"column":29},"end":{"line":55,"column":51}},"10":{"start":{"line":56,"column":12},"end":{"line":56,"column":43}},"11":{"start":{"line":57,"column":11},"end":{"line":57,"column":45}},"12":{"start":{"line":58,"column":12},"end":{"line":58,"column":31}},"13":{"start":{"line":59,"column":11},"end":{"line":59,"column":25}},"14":{"start":{"line":62,"column":29},"end":{"line":62,"column":51}},"15":{"start":{"line":63,"column":23},"end":{"line":63,"column":43}},"16":{"start":{"line":64,"column":12},"end":{"line":64,"column":28}},"17":{"start":{"line":67,"column":12},"end":{"line":67,"column":31}},"18":{"start":{"line":68,"column":23},"end":{"line":68,"column":65}},"19":{"start":{"line":69,"column":24},"end":{"line":69,"column":67}},"20":{"start":{"line":70,"column":27},"end":{"line":70,"column":80}},"21":{"start":{"line":71,"column":25},"end":{"line":71,"column":81}},"22":{"start":{"line":72,"column":27},"end":{"line":72,"column":85}},"23":{"start":{"line":73,"column":27},"end":{"line":73,"column":90}},"24":{"start":{"line":75,"column":12},"end":{"line":75,"column":41}},"25":{"start":{"line":76,"column":25},"end":{"line":76,"column":55}},"26":{"start":{"line":77,"column":12},"end":{"line":80,"column":13}},"27":{"start":{"line":78,"column":16},"end":{"line":78,"column":46}},"28":{"start":{"line":79,"column":16},"end":{"line":79,"column":23}},"29":{"start":{"line":81,"column":12},"end":{"line":81,"column":83}},"30":{"start":{"line":84,"column":29},"end":{"line":84,"column":51}},"31":{"start":{"line":85,"column":36},"end":{"line":91,"column":13}},"32":{"start":{"line":92,"column":12},"end":{"line":92,"column":44}},"33":{"start":{"line":94,"column":11},"end":{"line":94,"column":45}},"34":{"start":{"line":95,"column":12},"end":{"line":95,"column":31}},"35":{"start":{"line":96,"column":11},"end":{"line":96,"column":25}},"36":{"start":{"line":103,"column":12},"end":{"line":121,"column":14}},"37":{"start":{"line":107,"column":36},"end":{"line":107,"column":58}},"38":{"start":{"line":108,"column":20},"end":{"line":117,"column":22}},"39":{"start":{"line":124,"column":12},"end":{"line":135,"column":13}},"40":{"start":{"line":125,"column":43},"end":{"line":125,"column":51}},"41":{"start":{"line":126,"column":16},"end":{"line":126,"column":47}},"42":{"start":{"line":129,"column":31},"end":{"line":129,"column":89}},"43":{"start":{"line":130,"column":16},"end":{"line":130,"column":45}},"44":{"start":{"line":131,"column":16},"end":{"line":134,"column":19}},"45":{"start":{"line":132,"column":47},"end":{"line":132,"column":48}},"46":{"start":{"line":133,"column":20},"end":{"line":133,"column":51}},"47":{"start":{"line":138,"column":12},"end":{"line":142,"column":13}},"48":{"start":{"line":139,"column":16},"end":{"line":139,"column":78}},"49":{"start":{"line":141,"column":16},"end":{"line":141,"column":91}},"50":{"start":{"line":141,"column":78},"end":{"line":141,"column":89}},"51":{"start":{"line":149,"column":12},"end":{"line":149,"column":33}},"52":{"start":{"line":150,"column":12},"end":{"line":155,"column":14}},"53":{"start":{"line":158,"column":12},"end":{"line":213,"column":13}},"54":{"start":{"line":160,"column":20},"end":{"line":165,"column":22}},"55":{"start":{"line":169,"column":20},"end":{"line":195,"column":22}},"56":{"start":{"line":198,"column":20},"end":{"line":205,"column":22}},"57":{"start":{"line":207,"column":20},"end":{"line":212,"column":22}},"58":{"start":{"line":217,"column":0},"end":{"line":217,"column":null}}},"fnMap":{"0":{"name":"(anonymous_0)","decl":{"start":{"line":23,"column":4},"end":{"line":23,"column":15}},"loc":{"start":{"line":23,"column":17},"end":{"line":29,"column":5}},"line":23},"1":{"name":"(anonymous_1)","decl":{"start":{"line":33,"column":4},"end":{"line":33,"column":10}},"loc":{"start":{"line":33,"column":12},"end":{"line":50,"column":5}},"line":33},"2":{"name":"(anonymous_2)","decl":{"start":{"line":54,"column":8},"end":{"line":54,"column":19}},"loc":{"start":{"line":54,"column":21},"end":{"line":60,"column":9}},"line":54},"3":{"name":"(anonymous_3)","decl":{"start":{"line":61,"column":8},"end":{"line":61,"column":24}},"loc":{"start":{"line":61,"column":30},"end":{"line":65,"column":9}},"line":61},"4":{"name":"(anonymous_4)","decl":{"start":{"line":66,"column":8},"end":{"line":66,"column":21}},"loc":{"start":{"line":66,"column":24},"end":{"line":82,"column":9}},"line":66},"5":{"name":"(anonymous_5)","decl":{"start":{"line":83,"column":8},"end":{"line":83,"column":17}},"loc":{"start":{"line":83,"column":39},"end":{"line":97,"column":9}},"line":83},"6":{"name":"(anonymous_6)","decl":{"start":{"line":102,"column":8},"end":{"line":102,"column":22}},"loc":{"start":{"line":102,"column":29},"end":{"line":122,"column":9}},"line":102},"7":{"name":"(anonymous_7)","decl":{"start":{"line":106,"column":33},"end":{"line":106,"column":34}},"loc":{"start":{"line":106,"column":45},"end":{"line":119,"column":17}},"line":106},"8":{"name":"(anonymous_8)","decl":{"start":{"line":123,"column":8},"end":{"line":123,"column":29}},"loc":{"start":{"line":123,"column":33},"end":{"line":136,"column":9}},"line":123},"9":{"name":"(anonymous_9)","decl":{"start":{"line":131,"column":31},"end":{"line":131,"column":32}},"loc":{"start":{"line":131,"column":36},"end":{"line":134,"column":17}},"line":131},"10":{"name":"(anonymous_10)","decl":{"start":{"line":137,"column":8},"end":{"line":137,"column":17}},"loc":{"start":{"line":137,"column":33},"end":{"line":143,"column":9}},"line":137},"11":{"name":"(anonymous_11)","decl":{"start":{"line":141,"column":73},"end":{"line":141,"column":74}},"loc":{"start":{"line":141,"column":78},"end":{"line":141,"column":89}},"line":141},"12":{"name":"(anonymous_12)","decl":{"start":{"line":148,"column":8},"end":{"line":148,"column":19}},"loc":{"start":{"line":148,"column":21},"end":{"line":156,"column":9}},"line":148},"13":{"name":"(anonymous_13)","decl":{"start":{"line":157,"column":8},"end":{"line":157,"column":19}},"loc":{"start":{"line":157,"column":21},"end":{"line":214,"column":9}},"line":157}},"branchMap":{"0":{"loc":{"start":{"line":34,"column":8},"end":{"line":49,"column":9}},"type":"if","locations":[{"start":{"line":34,"column":8},"end":{"line":49,"column":9}},{"start":{},"end":{}}],"line":34},"1":{"loc":{"start":{"line":77,"column":12},"end":{"line":80,"column":13}},"type":"if","locations":[{"start":{"line":77,"column":12},"end":{"line":80,"column":13}},{"start":{},"end":{}}],"line":77},"2":{"loc":{"start":{"line":77,"column":16},"end":{"line":77,"column":124}},"type":"binary-expr","locations":[{"start":{"line":77,"column":17},"end":{"line":77,"column":24}},{"start":{"line":77,"column":30},"end":{"line":77,"column":41}},{"start":{"line":77,"column":47},"end":{"line":77,"column":60}},{"start":{"line":77,"column":66},"end":{"line":77,"column":76}},{"start":{"line":77,"column":82},"end":{"line":77,"column":91}},{"start":{"line":77,"column":97},"end":{"line":77,"column":108}},{"start":{"line":77,"column":114},"end":{"line":77,"column":123}}],"line":77},"3":{"loc":{"start":{"line":124,"column":12},"end":{"line":135,"column":13}},"type":"if","locations":[{"start":{"line":124,"column":12},"end":{"line":135,"column":13}},{"start":{"line":128,"column":16},"end":{"line":135,"column":13}}],"line":124},"4":{"loc":{"start":{"line":138,"column":12},"end":{"line":142,"column":13}},"type":"if","locations":[{"start":{"line":138,"column":12},"end":{"line":142,"column":13}},{"start":{"line":140,"column":19},"end":{"line":142,"column":13}}],"line":138},"5":{"loc":{"start":{"line":158,"column":12},"end":{"line":213,"column":13}},"type":"switch","locations":[{"start":{"line":159,"column":16},"end":{"line":165,"column":22}},{"start":{"line":167,"column":16},"end":{"line":195,"column":22}},{"start":{"line":197,"column":16},"end":{"line":205,"column":22}},{"start":{"line":206,"column":16},"end":{"line":212,"column":22}}],"line":158}},"s":{"0":2,"1":2,"2":12,"3":12,"4":12,"5":12,"6":12,"7":22,"8":8,"9":1,"10":1,"11":1,"12":1,"13":1,"14":15,"15":15,"16":15,"17":2,"18":2,"19":2,"20":2,"21":2,"22":2,"23":2,"24":2,"25":2,"26":2,"27":2,"28":2,"29":0,"30":0,"31":0,"32":0,"33":0,"34":0,"35":0,"36":3,"37":54,"38":54,"39":2,"40":0,"41":0,"42":2,"43":2,"44":2,"45":36,"46":36,"47":36,"48":0,"49":36,"50":0,"51":2,"52":2,"53":8,"54":3,"55":3,"56":2,"57":0,"58":2},"f":{"0":12,"1":22,"2":1,"3":15,"4":2,"5":0,"6":3,"7":54,"8":2,"9":36,"10":36,"11":0,"12":2,"13":8},"b":{"0":[8,14],"1":[2,0],"2":[2,2,2,2,0,0,0],"3":[0,2],"4":[0,36],"5":[3,3,2,0]},"meta":{"lastBranch":6,"lastFunction":14,"lastStatement":59,"seen":{"s:17:24:22:5":0,"s:31:20:31:35":1,"f:23:4:23:15":0,"s:24:8:24:16":2,"s:25:8:25:23":3,"s:26:8:26:23":4,"s:27:8:27:29":5,"s:28:8:28:37":6,"f:33:4:33:10":1,"b:34:8:49:9:undefined:undefined:undefined:undefined":0,"s:34:8:49:9":7,"s:35:12:48:14":8,"f:54:8:54:19":2,"s:55:29:55:51":9,"s:56:12:56:43":10,"s:57:11:57:45":11,"s:58:12:58:31":12,"s:59:11:59:25":13,"f:61:8:61:24":3,"s:62:29:62:51":14,"s:63:23:63:43":15,"s:64:12:64:28":16,"f:66:8:66:21":4,"s:67:12:67:31":17,"s:68:23:68:65":18,"s:69:24:69:67":19,"s:70:27:70:80":20,"s:71:25:71:81":21,"s:72:27:72:85":22,"s:73:27:73:90":23,"s:75:12:75:41":24,"s:76:25:76:55":25,"b:77:12:80:13:undefined:undefined:undefined:undefined":1,"s:77:12:80:13":26,"b:77:17:77:24:77:30:77:41:77:47:77:60:77:66:77:76:77:82:77:91:77:97:77:108:77:114:77:123":2,"s:78:16:78:46":27,"s:79:16:79:23":28,"s:81:12:81:83":29,"f:83:8:83:17":5,"s:84:29:84:51":30,"s:85:36:91:13":31,"s:92:12:92:44":32,"s:94:11:94:45":33,"s:95:12:95:31":34,"s:96:11:96:25":35,"f:102:8:102:22":6,"s:103:12:121:14":36,"f:106:33:106:34":7,"s:107:36:107:58":37,"s:108:20:117:22":38,"f:123:8:123:29":8,"b:124:12:135:13:128:16:135:13":3,"s:124:12:135:13":39,"s:125:43:125:51":40,"s:126:16:126:47":41,"s:129:31:129:89":42,"s:130:16:130:45":43,"s:131:16:134:19":44,"f:131:31:131:32":9,"s:132:47:132:48":45,"s:133:20:133:51":46,"f:137:8:137:17":10,"b:138:12:142:13:140:19:142:13":4,"s:138:12:142:13":47,"s:139:16:139:78":48,"s:141:16:141:91":49,"f:141:73:141:74":11,"s:141:78:141:89":50,"f:148:8:148:19":12,"s:149:12:149:33":51,"s:150:12:155:14":52,"f:157:8:157:19":13,"b:159:16:165:22:167:16:195:22:197:16:205:22:206:16:212:22":5,"s:158:12:213:13":53,"s:160:20:165:22":54,"s:169:20:195:22":55,"s:198:20:205:22":56,"s:207:20:212:22":57,"s:217:0:217:Infinity":58}}}
,"C:\\Users\\User\\Desktop\\Escuela\\Portafolio\\001-PRACTICAS\\P001-CRUD POKEMON\\src\\components\\nav-component\\nav-component.js": {"path":"C:\\Users\\User\\Desktop\\Escuela\\Portafolio\\001-PRACTICAS\\P001-CRUD POKEMON\\src\\components\\nav-component\\nav-component.js","statementMap":{"0":{"start":{"line":6,"column":24},"end":{"line":8,"column":5}},"1":{"start":{"line":14,"column":20},"end":{"line":14,"column":35}},"2":{"start":{"line":10,"column":8},"end":{"line":10,"column":16}},"3":{"start":{"line":11,"column":8},"end":{"line":11,"column":28}},"4":{"start":{"line":17,"column":8},"end":{"line":35,"column":10}},"5":{"start":{"line":39,"column":8},"end":{"line":39,"column":48}},"6":{"start":{"line":40,"column":8},"end":{"line":46,"column":10}},"7":{"start":{"line":50,"column":20},"end":{"line":50,"column":46}},"8":{"start":{"line":51,"column":21},"end":{"line":51,"column":65}},"9":{"start":{"line":52,"column":8},"end":{"line":54,"column":11}},"10":{"start":{"line":53,"column":12},"end":{"line":53,"column":45}},"11":{"start":{"line":56,"column":8},"end":{"line":56,"column":40}},"12":{"start":{"line":57,"column":8},"end":{"line":57,"column":32}},"13":{"start":{"line":60,"column":0},"end":{"line":60,"column":null}}},"fnMap":{"0":{"name":"(anonymous_0)","decl":{"start":{"line":9,"column":4},"end":{"line":9,"column":15}},"loc":{"start":{"line":9,"column":17},"end":{"line":12,"column":5}},"line":9},"1":{"name":"(anonymous_1)","decl":{"start":{"line":16,"column":4},"end":{"line":16,"column":10}},"loc":{"start":{"line":16,"column":12},"end":{"line":36,"column":5}},"line":16},"2":{"name":"(anonymous_2)","decl":{"start":{"line":38,"column":4},"end":{"line":38,"column":14}},"loc":{"start":{"line":38,"column":17},"end":{"line":47,"column":5}},"line":38},"3":{"name":"(anonymous_3)","decl":{"start":{"line":49,"column":4},"end":{"line":49,"column":18}},"loc":{"start":{"line":49,"column":21},"end":{"line":58,"column":5}},"line":49},"4":{"name":"(anonymous_4)","decl":{"start":{"line":52,"column":21},"end":{"line":52,"column":22}},"loc":{"start":{"line":52,"column":26},"end":{"line":54,"column":9}},"line":52}},"branchMap":{},"s":{"0":2,"1":2,"2":10,"3":10,"4":11,"5":3,"6":3,"7":3,"8":3,"9":3,"10":9,"11":3,"12":3,"13":2},"f":{"0":10,"1":11,"2":3,"3":3,"4":9},"b":{},"meta":{"lastBranch":0,"lastFunction":5,"lastStatement":14,"seen":{"s:6:24:8:5":0,"s:14:20:14:35":1,"f:9:4:9:15":0,"s:10:8:10:16":2,"s:11:8:11:28":3,"f:16:4:16:10":1,"s:17:8:35:10":4,"f:38:4:38:14":2,"s:39:8:39:48":5,"s:40:8:46:10":6,"f:49:4:49:18":3,"s:50:20:50:46":7,"s:51:21:51:65":8,"s:52:8:54:11":9,"f:52:21:52:22":4,"s:53:12:53:45":10,"s:56:8:56:40":11,"s:57:8:57:32":12,"s:60:0:60:Infinity":13}}}
,"C:\\Users\\User\\Desktop\\Escuela\\Portafolio\\001-PRACTICAS\\P001-CRUD POKEMON\\src\\components\\party-component\\party-component.js": {"path":"C:\\Users\\User\\Desktop\\Escuela\\Portafolio\\001-PRACTICAS\\P001-CRUD POKEMON\\src\\components\\party-component\\party-component.js","statementMap":{"0":{"start":{"line":16,"column":24},"end":{"line":18,"column":5}},"1":{"start":{"line":24,"column":20},"end":{"line":24,"column":35}},"2":{"start":{"line":20,"column":8},"end":{"line":20,"column":16}},"3":{"start":{"line":21,"column":8},"end":{"line":21,"column":27}},"4":{"start":{"line":27,"column":8},"end":{"line":31,"column":10}},"5":{"start":{"line":35,"column":8},"end":{"line":35,"column":42}},"6":{"start":{"line":38,"column":0},"end":{"line":38,"column":null}}},"fnMap":{"0":{"name":"(anonymous_0)","decl":{"start":{"line":19,"column":4},"end":{"line":19,"column":15}},"loc":{"start":{"line":19,"column":17},"end":{"line":22,"column":5}},"line":19},"1":{"name":"(anonymous_1)","decl":{"start":{"line":26,"column":4},"end":{"line":26,"column":10}},"loc":{"start":{"line":26,"column":12},"end":{"line":32,"column":5}},"line":26},"2":{"name":"(anonymous_2)","decl":{"start":{"line":34,"column":4},"end":{"line":34,"column":16}},"loc":{"start":{"line":34,"column":19},"end":{"line":36,"column":5}},"line":34}},"branchMap":{},"s":{"0":1,"1":1,"2":6,"3":6,"4":6,"5":0,"6":1},"f":{"0":6,"1":6,"2":0},"b":{},"meta":{"lastBranch":0,"lastFunction":3,"lastStatement":7,"seen":{"s:16:24:18:5":0,"s:24:20:24:35":1,"f:19:4:19:15":0,"s:20:8:20:16":2,"s:21:8:21:27":3,"f:26:4:26:10":1,"s:27:8:31:10":4,"f:34:4:34:16":2,"s:35:8:35:42":5,"s:38:0:38:Infinity":6}}}
,"C:\\Users\\User\\Desktop\\Escuela\\Portafolio\\001-PRACTICAS\\P001-CRUD POKEMON\\src\\components\\pokedex-component\\pokedex-component.js": {"path":"C:\\Users\\User\\Desktop\\Escuela\\Portafolio\\001-PRACTICAS\\P001-CRUD POKEMON\\src\\components\\pokedex-component\\pokedex-component.js","statementMap":{"0":{"start":{"line":17,"column":22},"end":{"line":21,"column":3}},"1":{"start":{"line":46,"column":18},"end":{"line":46,"column":33}},"2":{"start":{"line":23,"column":4},"end":{"line":23,"column":12}},"3":{"start":{"line":24,"column":4},"end":{"line":24,"column":24}},"4":{"start":{"line":25,"column":4},"end":{"line":25,"column":31}},"5":{"start":{"line":26,"column":4},"end":{"line":26,"column":23}},"6":{"start":{"line":29,"column":19},"end":{"line":29,"column":65}},"7":{"start":{"line":30,"column":4},"end":{"line":43,"column":5}},"8":{"start":{"line":31,"column":18},"end":{"line":33,"column":7}},"9":{"start":{"line":34,"column":19},"end":{"line":34,"column":35}},"10":{"start":{"line":36,"column":23},"end":{"line":38,"column":7}},"11":{"start":{"line":37,"column":35},"end":{"line":37,"column":72}},"12":{"start":{"line":37,"column":63},"end":{"line":37,"column":71}},"13":{"start":{"line":40,"column":6},"end":{"line":40,"column":32}},"14":{"start":{"line":42,"column":6},"end":{"line":42,"column":25}},"15":{"start":{"line":49,"column":4},"end":{"line":56,"column":6}},"16":{"start":{"line":61,"column":6},"end":{"line":61,"column":40}},"17":{"start":{"line":68,"column":8},"end":{"line":118,"column":9}},"18":{"start":{"line":69,"column":10},"end":{"line":113,"column":12}},"19":{"start":{"line":70,"column":12},"end":{"line":112,"column":13}},"20":{"start":{"line":73,"column":32},"end":{"line":73,"column":53}},"21":{"start":{"line":74,"column":34},"end":{"line":74,"column":72}},"22":{"start":{"line":75,"column":22},"end":{"line":75,"column":53}},"23":{"start":{"line":81,"column":34},"end":{"line":81,"column":46}},"24":{"start":{"line":82,"column":37},"end":{"line":82,"column":64}},"25":{"start":{"line":83,"column":36},"end":{"line":83,"column":65}},"26":{"start":{"line":84,"column":35},"end":{"line":84,"column":53}},"27":{"start":{"line":85,"column":24},"end":{"line":87,"column":25}},"28":{"start":{"line":115,"column":10},"end":{"line":117,"column":12}},"29":{"start":{"line":122,"column":0},"end":{"line":122,"column":null}}},"fnMap":{"0":{"name":"(anonymous_0)","decl":{"start":{"line":22,"column":2},"end":{"line":22,"column":13}},"loc":{"start":{"line":22,"column":16},"end":{"line":27,"column":3}},"line":22},"1":{"name":"(anonymous_1)","decl":{"start":{"line":28,"column":8},"end":{"line":28,"column":20}},"loc":{"start":{"line":28,"column":23},"end":{"line":44,"column":3}},"line":28},"2":{"name":"(anonymous_2)","decl":{"start":{"line":37,"column":25},"end":{"line":37,"column":26}},"loc":{"start":{"line":37,"column":35},"end":{"line":37,"column":72}},"line":37},"3":{"name":"(anonymous_3)","decl":{"start":{"line":37,"column":56},"end":{"line":37,"column":57}},"loc":{"start":{"line":37,"column":63},"end":{"line":37,"column":71}},"line":37},"4":{"name":"(anonymous_4)","decl":{"start":{"line":48,"column":2},"end":{"line":48,"column":8}},"loc":{"start":{"line":48,"column":11},"end":{"line":57,"column":3}},"line":48},"5":{"name":"(anonymous_5)","decl":{"start":{"line":60,"column":4},"end":{"line":60,"column":16}},"loc":{"start":{"line":60,"column":19},"end":{"line":62,"column":5}},"line":60},"6":{"name":"(anonymous_6)","decl":{"start":{"line":67,"column":6},"end":{"line":67,"column":20}},"loc":{"start":{"line":67,"column":23},"end":{"line":119,"column":7}},"line":67},"7":{"name":"(anonymous_7)","decl":{"start":{"line":69,"column":36},"end":{"line":69,"column":37}},"loc":{"start":{"line":70,"column":12},"end":{"line":112,"column":13}},"line":70},"8":{"name":"(anonymous_8)","decl":{"start":{"line":72,"column":95},"end":{"line":72,"column":96}},"loc":{"start":{"line":72,"column":101},"end":{"line":76,"column":21}},"line":72},"9":{"name":"(anonymous_9)","decl":{"start":{"line":80,"column":34},"end":{"line":80,"column":36}},"loc":{"start":{"line":80,"column":40},"end":{"line":88,"column":23}},"line":80}},"branchMap":{"0":{"loc":{"start":{"line":68,"column":8},"end":{"line":118,"column":9}},"type":"if","locations":[{"start":{"line":68,"column":8},"end":{"line":118,"column":9}},{"start":{"line":114,"column":15},"end":{"line":118,"column":9}}],"line":68},"1":{"loc":{"start":{"line":68,"column":12},"end":{"line":68,"column":55}},"type":"binary-expr","locations":[{"start":{"line":68,"column":12},"end":{"line":68,"column":26}},{"start":{"line":68,"column":30},"end":{"line":68,"column":55}}],"line":68}},"s":{"0":2,"1":2,"2":3,"3":3,"4":3,"5":3,"6":3,"7":3,"8":3,"9":0,"10":0,"11":0,"12":0,"13":0,"14":0,"15":3,"16":0,"17":3,"18":0,"19":0,"20":0,"21":0,"22":0,"23":0,"24":0,"25":0,"26":0,"27":0,"28":3,"29":2},"f":{"0":3,"1":3,"2":0,"3":0,"4":3,"5":0,"6":3,"7":0,"8":0,"9":0},"b":{"0":[0,3],"1":[3,3]},"meta":{"lastBranch":2,"lastFunction":10,"lastStatement":30,"seen":{"s:17:22:21:3":0,"s:46:18:46:33":1,"f:22:2:22:13":0,"s:23:4:23:12":2,"s:24:4:24:24":3,"s:25:4:25:31":4,"s:26:4:26:23":5,"f:28:8:28:20":1,"s:29:19:29:65":6,"s:30:4:43:5":7,"s:31:18:33:7":8,"s:34:19:34:35":9,"s:36:23:38:7":10,"f:37:25:37:26":2,"s:37:35:37:72":11,"f:37:56:37:57":3,"s:37:63:37:71":12,"s:40:6:40:32":13,"s:42:6:42:25":14,"f:48:2:48:8":4,"s:49:4:56:6":15,"f:60:4:60:16":5,"s:61:6:61:40":16,"f:67:6:67:20":6,"b:68:8:118:9:114:15:118:9":0,"s:68:8:118:9":17,"b:68:12:68:26:68:30:68:55":1,"s:69:10:113:12":18,"f:69:36:69:37":7,"s:70:12:112:13":19,"f:72:95:72:96":8,"s:73:32:73:53":20,"s:74:34:74:72":21,"s:75:22:75:53":22,"f:80:34:80:36":9,"s:81:34:81:46":23,"s:82:37:82:64":24,"s:83:36:83:65":25,"s:84:35:84:53":26,"s:85:24:87:25":27,"s:115:10:117:12":28,"s:122:0:122:Infinity":29}}}
,"C:\\Users\\User\\Desktop\\Escuela\\Portafolio\\001-PRACTICAS\\P001-CRUD POKEMON\\src\\css\\genera.css.js": {"path":"C:\\Users\\User\\Desktop\\Escuela\\Portafolio\\001-PRACTICAS\\P001-CRUD POKEMON\\src\\css\\genera.css.js","statementMap":{},"fnMap":{},"branchMap":{},"s":{},"f":{},"b":{},"meta":{"lastBranch":0,"lastFunction":0,"lastStatement":0,"seen":{}}}
,"C:\\Users\\User\\Desktop\\Escuela\\Portafolio\\001-PRACTICAS\\P001-CRUD POKEMON\\src\\img\\logo.png": {"path":"C:\\Users\\User\\Desktop\\Escuela\\Portafolio\\001-PRACTICAS\\P001-CRUD POKEMON\\src\\img\\logo.png","statementMap":{},"fnMap":{},"branchMap":{},"s":{},"f":{},"b":{},"meta":{"lastBranch":0,"lastFunction":0,"lastStatement":0,"seen":{}}}
,"C:\\Users\\User\\Desktop\\Escuela\\Portafolio\\001-PRACTICAS\\P001-CRUD POKEMON\\src\\utils\\common.js": {"path":"C:\\Users\\User\\Desktop\\Escuela\\Portafolio\\001-PRACTICAS\\P001-CRUD POKEMON\\src\\utils\\common.js","statementMap":{"0":{"start":{"line":3,"column":24},"end":{"line":6,"column":1}},"1":{"start":{"line":4,"column":22},"end":{"line":4,"column":50}},"2":{"start":{"line":5,"column":2},"end":{"line":5,"column":54}},"3":{"start":{"line":8,"column":24},"end":{"line":10,"column":1}},"4":{"start":{"line":9,"column":2},"end":{"line":9,"column":53}},"5":{"start":{"line":12,"column":26},"end":{"line":14,"column":1}},"6":{"start":{"line":13,"column":2},"end":{"line":13,"column":27}},"7":{"start":{"line":16,"column":27},"end":{"line":107,"column":1}},"8":{"start":{"line":109,"column":26},"end":{"line":113,"column":11}},"9":{"start":{"line":115,"column":26},"end":{"line":144,"column":1}},"10":{"start":{"line":116,"column":2},"end":{"line":142,"column":3}},"11":{"start":{"line":118,"column":6},"end":{"line":120,"column":8}},"12":{"start":{"line":122,"column":6},"end":{"line":124,"column":8}},"13":{"start":{"line":126,"column":6},"end":{"line":128,"column":8}},"14":{"start":{"line":130,"column":6},"end":{"line":132,"column":8}},"15":{"start":{"line":134,"column":6},"end":{"line":136,"column":8}},"16":{"start":{"line":139,"column":6},"end":{"line":141,"column":8}}},"fnMap":{"0":{"name":"(anonymous_0)","decl":{"start":{"line":3,"column":24},"end":{"line":3,"column":25}},"loc":{"start":{"line":3,"column":36},"end":{"line":6,"column":1}},"line":3},"1":{"name":"(anonymous_1)","decl":{"start":{"line":8,"column":24},"end":{"line":8,"column":25}},"loc":{"start":{"line":8,"column":42},"end":{"line":10,"column":1}},"line":8},"2":{"name":"(anonymous_2)","decl":{"start":{"line":12,"column":26},"end":{"line":12,"column":27}},"loc":{"start":{"line":12,"column":32},"end":{"line":14,"column":1}},"line":12},"3":{"name":"(anonymous_3)","decl":{"start":{"line":115,"column":26},"end":{"line":115,"column":27}},"loc":{"start":{"line":115,"column":43},"end":{"line":144,"column":1}},"line":115}},"branchMap":{"0":{"loc":{"start":{"line":5,"column":9},"end":{"line":5,"column":53}},"type":"cond-expr","locations":[{"start":{"line":5,"column":23},"end":{"line":5,"column":46}},{"start":{"line":5,"column":49},"end":{"line":5,"column":53}}],"line":5},"1":{"loc":{"start":{"line":116,"column":2},"end":{"line":142,"column":3}},"type":"switch","locations":[{"start":{"line":117,"column":4},"end":{"line":120,"column":8}},{"start":{"line":121,"column":4},"end":{"line":124,"column":8}},{"start":{"line":125,"column":4},"end":{"line":128,"column":8}},{"start":{"line":129,"column":4},"end":{"line":132,"column":8}},{"start":{"line":133,"column":4},"end":{"line":136,"column":8}},{"start":{"line":138,"column":4},"end":{"line":141,"column":8}}],"line":116}},"s":{"0":3,"1":22,"2":22,"3":3,"4":2,"5":3,"6":1,"7":3,"8":3,"9":3,"10":0,"11":0,"12":0,"13":0,"14":0,"15":0,"16":0},"f":{"0":22,"1":2,"2":1,"3":0},"b":{"0":[16,6],"1":[0,0,0,0,0,0]},"meta":{"lastBranch":2,"lastFunction":4,"lastStatement":17,"seen":{"s:3:24:6:1":0,"f:3:24:3:25":0,"s:4:22:4:50":1,"s:5:2:5:54":2,"b:5:23:5:46:5:49:5:53":0,"s:8:24:10:1":3,"f:8:24:8:25":1,"s:9:2:9:53":4,"s:12:26:14:1":5,"f:12:26:12:27":2,"s:13:2:13:27":6,"s:16:27:107:1":7,"s:109:26:113:11":8,"s:115:26:144:1":9,"f:115:26:115:27":3,"b:117:4:120:8:121:4:124:8:125:4:128:8:129:4:132:8:133:4:136:8:138:4:141:8":1,"s:116:2:142:3":10,"s:118:6:120:8":11,"s:122:6:124:8":12,"s:126:6:128:8":13,"s:130:6:132:8":14,"s:134:6:136:8":15,"s:139:6:141:8":16}}}
}
