{"C:\\Users\\osaucedz\\OneDrive - NTT DATA EMEAL\\Escritorio\\NTTDATA\\P001-CRUD-POKEMON\\mocks\\mockPokemon.js": {"path":"C:\\Users\\osaucedz\\OneDrive - NTT DATA EMEAL\\Escritorio\\NTTDATA\\P001-CRUD-POKEMON\\mocks\\mockPokemon.js","statementMap":{"0":{"start":{"line":1,"column":27},"end":{"line":7,"column":1}}},"fnMap":{},"branchMap":{},"s":{"0":1},"f":{},"b":{},"meta":{"lastBranch":0,"lastFunction":0,"lastStatement":1,"seen":{"s:1:27:7:1":0}}}
,"C:\\Users\\osaucedz\\OneDrive - NTT DATA EMEAL\\Escritorio\\NTTDATA\\P001-CRUD-POKEMON\\src\\components\\modal-component\\modal-component.js": {"path":"C:\\Users\\osaucedz\\OneDrive - NTT DATA EMEAL\\Escritorio\\NTTDATA\\P001-CRUD-POKEMON\\src\\components\\modal-component\\modal-component.js","statementMap":{"0":{"start":{"line":17,"column":24},"end":{"line":22,"column":5}},"1":{"start":{"line":31,"column":20},"end":{"line":31,"column":35}},"2":{"start":{"line":24,"column":8},"end":{"line":24,"column":16}},"3":{"start":{"line":25,"column":8},"end":{"line":25,"column":23}},"4":{"start":{"line":26,"column":8},"end":{"line":26,"column":23}},"5":{"start":{"line":27,"column":8},"end":{"line":27,"column":29}},"6":{"start":{"line":28,"column":8},"end":{"line":28,"column":37}},"7":{"start":{"line":34,"column":8},"end":{"line":49,"column":9}},"8":{"start":{"line":35,"column":12},"end":{"line":48,"column":14}},"9":{"start":{"line":55,"column":29},"end":{"line":55,"column":51}},"10":{"start":{"line":56,"column":12},"end":{"line":56,"column":43}},"11":{"start":{"line":57,"column":11},"end":{"line":57,"column":45}},"12":{"start":{"line":58,"column":12},"end":{"line":58,"column":31}},"13":{"start":{"line":59,"column":11},"end":{"line":59,"column":25}},"14":{"start":{"line":62,"column":29},"end":{"line":62,"column":51}},"15":{"start":{"line":63,"column":23},"end":{"line":63,"column":43}},"16":{"start":{"line":64,"column":12},"end":{"line":64,"column":28}},"17":{"start":{"line":67,"column":12},"end":{"line":67,"column":31}},"18":{"start":{"line":68,"column":23},"end":{"line":68,"column":65}},"19":{"start":{"line":69,"column":24},"end":{"line":69,"column":67}},"20":{"start":{"line":70,"column":27},"end":{"line":70,"column":80}},"21":{"start":{"line":71,"column":25},"end":{"line":71,"column":81}},"22":{"start":{"line":72,"column":27},"end":{"line":72,"column":85}},"23":{"start":{"line":73,"column":27},"end":{"line":73,"column":90}},"24":{"start":{"line":75,"column":12},"end":{"line":75,"column":41}},"25":{"start":{"line":76,"column":25},"end":{"line":76,"column":55}},"26":{"start":{"line":77,"column":12},"end":{"line":80,"column":13}},"27":{"start":{"line":78,"column":16},"end":{"line":78,"column":46}},"28":{"start":{"line":79,"column":16},"end":{"line":79,"column":23}},"29":{"start":{"line":81,"column":12},"end":{"line":81,"column":83}},"30":{"start":{"line":84,"column":29},"end":{"line":84,"column":51}},"31":{"start":{"line":85,"column":36},"end":{"line":91,"column":13}},"32":{"start":{"line":92,"column":12},"end":{"line":92,"column":44}},"33":{"start":{"line":94,"column":11},"end":{"line":94,"column":45}},"34":{"start":{"line":95,"column":12},"end":{"line":95,"column":31}},"35":{"start":{"line":96,"column":11},"end":{"line":96,"column":25}},"36":{"start":{"line":103,"column":12},"end":{"line":121,"column":14}},"37":{"start":{"line":107,"column":36},"end":{"line":107,"column":58}},"38":{"start":{"line":108,"column":20},"end":{"line":117,"column":22}},"39":{"start":{"line":124,"column":12},"end":{"line":135,"column":13}},"40":{"start":{"line":125,"column":43},"end":{"line":125,"column":51}},"41":{"start":{"line":126,"column":16},"end":{"line":126,"column":47}},"42":{"start":{"line":129,"column":31},"end":{"line":129,"column":89}},"43":{"start":{"line":130,"column":16},"end":{"line":130,"column":45}},"44":{"start":{"line":131,"column":16},"end":{"line":134,"column":19}},"45":{"start":{"line":132,"column":47},"end":{"line":132,"column":48}},"46":{"start":{"line":133,"column":20},"end":{"line":133,"column":51}},"47":{"start":{"line":138,"column":12},"end":{"line":142,"column":13}},"48":{"start":{"line":139,"column":16},"end":{"line":139,"column":78}},"49":{"start":{"line":141,"column":16},"end":{"line":141,"column":91}},"50":{"start":{"line":141,"column":78},"end":{"line":141,"column":89}},"51":{"start":{"line":149,"column":12},"end":{"line":149,"column":33}},"52":{"start":{"line":150,"column":12},"end":{"line":155,"column":14}},"53":{"start":{"line":158,"column":12},"end":{"line":213,"column":13}},"54":{"start":{"line":160,"column":20},"end":{"line":165,"column":22}},"55":{"start":{"line":169,"column":20},"end":{"line":195,"column":22}},"56":{"start":{"line":198,"column":20},"end":{"line":205,"column":22}},"57":{"start":{"line":207,"column":20},"end":{"line":212,"column":22}},"58":{"start":{"line":217,"column":0},"end":{"line":217,"column":null}}},"fnMap":{"0":{"name":"(anonymous_0)","decl":{"start":{"line":23,"column":4},"end":{"line":23,"column":15}},"loc":{"start":{"line":23,"column":17},"end":{"line":29,"column":5}},"line":23},"1":{"name":"(anonymous_1)","decl":{"start":{"line":33,"column":4},"end":{"line":33,"column":10}},"loc":{"start":{"line":33,"column":12},"end":{"line":50,"column":5}},"line":33},"2":{"name":"(anonymous_2)","decl":{"start":{"line":54,"column":8},"end":{"line":54,"column":19}},"loc":{"start":{"line":54,"column":21},"end":{"line":60,"column":9}},"line":54},"3":{"name":"(anonymous_3)","decl":{"start":{"line":61,"column":8},"end":{"line":61,"column":24}},"loc":{"start":{"line":61,"column":30},"end":{"line":65,"column":9}},"line":61},"4":{"name":"(anonymous_4)","decl":{"start":{"line":66,"column":8},"end":{"line":66,"column":21}},"loc":{"start":{"line":66,"column":24},"end":{"line":82,"column":9}},"line":66},"5":{"name":"(anonymous_5)","decl":{"start":{"line":83,"column":8},"end":{"line":83,"column":17}},"loc":{"start":{"line":83,"column":39},"end":{"line":97,"column":9}},"line":83},"6":{"name":"(anonymous_6)","decl":{"start":{"line":102,"column":8},"end":{"line":102,"column":22}},"loc":{"start":{"line":102,"column":29},"end":{"line":122,"column":9}},"line":102},"7":{"name":"(anonymous_7)","decl":{"start":{"line":106,"column":33},"end":{"line":106,"column":34}},"loc":{"start":{"line":106,"column":45},"end":{"line":119,"column":17}},"line":106},"8":{"name":"(anonymous_8)","decl":{"start":{"line":123,"column":8},"end":{"line":123,"column":29}},"loc":{"start":{"line":123,"column":33},"end":{"line":136,"column":9}},"line":123},"9":{"name":"(anonymous_9)","decl":{"start":{"line":131,"column":31},"end":{"line":131,"column":32}},"loc":{"start":{"line":131,"column":36},"end":{"line":134,"column":17}},"line":131},"10":{"name":"(anonymous_10)","decl":{"start":{"line":137,"column":8},"end":{"line":137,"column":17}},"loc":{"start":{"line":137,"column":33},"end":{"line":143,"column":9}},"line":137},"11":{"name":"(anonymous_11)","decl":{"start":{"line":141,"column":73},"end":{"line":141,"column":74}},"loc":{"start":{"line":141,"column":78},"end":{"line":141,"column":89}},"line":141},"12":{"name":"(anonymous_12)","decl":{"start":{"line":148,"column":8},"end":{"line":148,"column":19}},"loc":{"start":{"line":148,"column":21},"end":{"line":156,"column":9}},"line":148},"13":{"name":"(anonymous_13)","decl":{"start":{"line":157,"column":8},"end":{"line":157,"column":19}},"loc":{"start":{"line":157,"column":21},"end":{"line":214,"column":9}},"line":157}},"branchMap":{"0":{"loc":{"start":{"line":34,"column":8},"end":{"line":49,"column":9}},"type":"if","locations":[{"start":{"line":34,"column":8},"end":{"line":49,"column":9}},{"start":{},"end":{}}],"line":34},"1":{"loc":{"start":{"line":77,"column":12},"end":{"line":80,"column":13}},"type":"if","locations":[{"start":{"line":77,"column":12},"end":{"line":80,"column":13}},{"start":{},"end":{}}],"line":77},"2":{"loc":{"start":{"line":77,"column":16},"end":{"line":77,"column":124}},"type":"binary-expr","locations":[{"start":{"line":77,"column":17},"end":{"line":77,"column":24}},{"start":{"line":77,"column":30},"end":{"line":77,"column":41}},{"start":{"line":77,"column":47},"end":{"line":77,"column":60}},{"start":{"line":77,"column":66},"end":{"line":77,"column":76}},{"start":{"line":77,"column":82},"end":{"line":77,"column":91}},{"start":{"line":77,"column":97},"end":{"line":77,"column":108}},{"start":{"line":77,"column":114},"end":{"line":77,"column":123}}],"line":77},"3":{"loc":{"start":{"line":124,"column":12},"end":{"line":135,"column":13}},"type":"if","locations":[{"start":{"line":124,"column":12},"end":{"line":135,"column":13}},{"start":{"line":128,"column":16},"end":{"line":135,"column":13}}],"line":124},"4":{"loc":{"start":{"line":138,"column":12},"end":{"line":142,"column":13}},"type":"if","locations":[{"start":{"line":138,"column":12},"end":{"line":142,"column":13}},{"start":{"line":140,"column":19},"end":{"line":142,"column":13}}],"line":138},"5":{"loc":{"start":{"line":158,"column":12},"end":{"line":213,"column":13}},"type":"switch","locations":[{"start":{"line":159,"column":16},"end":{"line":165,"column":22}},{"start":{"line":167,"column":16},"end":{"line":195,"column":22}},{"start":{"line":197,"column":16},"end":{"line":205,"column":22}},{"start":{"line":206,"column":16},"end":{"line":212,"column":22}}],"line":158}},"s":{"0":1,"1":1,"2":5,"3":5,"4":5,"5":5,"6":5,"7":12,"8":6,"9":0,"10":0,"11":0,"12":0,"13":0,"14":15,"15":15,"16":15,"17":1,"18":1,"19":1,"20":1,"21":1,"22":1,"23":1,"24":1,"25":1,"26":1,"27":1,"28":1,"29":0,"30":0,"31":0,"32":0,"33":0,"34":0,"35":0,"36":3,"37":54,"38":54,"39":1,"40":0,"41":0,"42":1,"43":1,"44":1,"45":18,"46":18,"47":18,"48":0,"49":18,"50":0,"51":1,"52":1,"53":6,"54":3,"55":3,"56":0,"57":0,"58":1},"f":{"0":5,"1":12,"2":0,"3":15,"4":1,"5":0,"6":3,"7":54,"8":1,"9":18,"10":18,"11":0,"12":1,"13":6},"b":{"0":[6,6],"1":[1,0],"2":[1,1,1,1,0,0,0],"3":[0,1],"4":[0,18],"5":[3,3,0,0]},"meta":{"lastBranch":6,"lastFunction":14,"lastStatement":59,"seen":{"s:17:24:22:5":0,"s:31:20:31:35":1,"f:23:4:23:15":0,"s:24:8:24:16":2,"s:25:8:25:23":3,"s:26:8:26:23":4,"s:27:8:27:29":5,"s:28:8:28:37":6,"f:33:4:33:10":1,"b:34:8:49:9:undefined:undefined:undefined:undefined":0,"s:34:8:49:9":7,"s:35:12:48:14":8,"f:54:8:54:19":2,"s:55:29:55:51":9,"s:56:12:56:43":10,"s:57:11:57:45":11,"s:58:12:58:31":12,"s:59:11:59:25":13,"f:61:8:61:24":3,"s:62:29:62:51":14,"s:63:23:63:43":15,"s:64:12:64:28":16,"f:66:8:66:21":4,"s:67:12:67:31":17,"s:68:23:68:65":18,"s:69:24:69:67":19,"s:70:27:70:80":20,"s:71:25:71:81":21,"s:72:27:72:85":22,"s:73:27:73:90":23,"s:75:12:75:41":24,"s:76:25:76:55":25,"b:77:12:80:13:undefined:undefined:undefined:undefined":1,"s:77:12:80:13":26,"b:77:17:77:24:77:30:77:41:77:47:77:60:77:66:77:76:77:82:77:91:77:97:77:108:77:114:77:123":2,"s:78:16:78:46":27,"s:79:16:79:23":28,"s:81:12:81:83":29,"f:83:8:83:17":5,"s:84:29:84:51":30,"s:85:36:91:13":31,"s:92:12:92:44":32,"s:94:11:94:45":33,"s:95:12:95:31":34,"s:96:11:96:25":35,"f:102:8:102:22":6,"s:103:12:121:14":36,"f:106:33:106:34":7,"s:107:36:107:58":37,"s:108:20:117:22":38,"f:123:8:123:29":8,"b:124:12:135:13:128:16:135:13":3,"s:124:12:135:13":39,"s:125:43:125:51":40,"s:126:16:126:47":41,"s:129:31:129:89":42,"s:130:16:130:45":43,"s:131:16:134:19":44,"f:131:31:131:32":9,"s:132:47:132:48":45,"s:133:20:133:51":46,"f:137:8:137:17":10,"b:138:12:142:13:140:19:142:13":4,"s:138:12:142:13":47,"s:139:16:139:78":48,"s:141:16:141:91":49,"f:141:73:141:74":11,"s:141:78:141:89":50,"f:148:8:148:19":12,"s:149:12:149:33":51,"s:150:12:155:14":52,"f:157:8:157:19":13,"b:159:16:165:22:167:16:195:22:197:16:205:22:206:16:212:22":5,"s:158:12:213:13":53,"s:160:20:165:22":54,"s:169:20:195:22":55,"s:198:20:205:22":56,"s:207:20:212:22":57,"s:217:0:217:Infinity":58}}}
,"C:\\Users\\osaucedz\\OneDrive - NTT DATA EMEAL\\Escritorio\\NTTDATA\\P001-CRUD-POKEMON\\src\\css\\genera.css.js": {"path":"C:\\Users\\osaucedz\\OneDrive - NTT DATA EMEAL\\Escritorio\\NTTDATA\\P001-CRUD-POKEMON\\src\\css\\genera.css.js","statementMap":{},"fnMap":{},"branchMap":{},"s":{},"f":{},"b":{},"meta":{"lastBranch":0,"lastFunction":0,"lastStatement":0,"seen":{}}}
,"C:\\Users\\osaucedz\\OneDrive - NTT DATA EMEAL\\Escritorio\\NTTDATA\\P001-CRUD-POKEMON\\src\\utils\\common.js": {"path":"C:\\Users\\osaucedz\\OneDrive - NTT DATA EMEAL\\Escritorio\\NTTDATA\\P001-CRUD-POKEMON\\src\\utils\\common.js","statementMap":{"0":{"start":{"line":3,"column":24},"end":{"line":6,"column":1}},"1":{"start":{"line":4,"column":22},"end":{"line":4,"column":50}},"2":{"start":{"line":5,"column":2},"end":{"line":5,"column":54}},"3":{"start":{"line":8,"column":24},"end":{"line":10,"column":1}},"4":{"start":{"line":9,"column":2},"end":{"line":9,"column":53}},"5":{"start":{"line":12,"column":26},"end":{"line":14,"column":1}},"6":{"start":{"line":13,"column":2},"end":{"line":13,"column":27}},"7":{"start":{"line":16,"column":27},"end":{"line":107,"column":1}},"8":{"start":{"line":109,"column":26},"end":{"line":113,"column":11}},"9":{"start":{"line":115,"column":26},"end":{"line":144,"column":1}},"10":{"start":{"line":116,"column":2},"end":{"line":142,"column":3}},"11":{"start":{"line":118,"column":6},"end":{"line":120,"column":8}},"12":{"start":{"line":122,"column":6},"end":{"line":124,"column":8}},"13":{"start":{"line":126,"column":6},"end":{"line":128,"column":8}},"14":{"start":{"line":130,"column":6},"end":{"line":132,"column":8}},"15":{"start":{"line":134,"column":6},"end":{"line":136,"column":8}},"16":{"start":{"line":139,"column":6},"end":{"line":141,"column":8}}},"fnMap":{"0":{"name":"(anonymous_0)","decl":{"start":{"line":3,"column":24},"end":{"line":3,"column":25}},"loc":{"start":{"line":3,"column":36},"end":{"line":6,"column":1}},"line":3},"1":{"name":"(anonymous_1)","decl":{"start":{"line":8,"column":24},"end":{"line":8,"column":25}},"loc":{"start":{"line":8,"column":42},"end":{"line":10,"column":1}},"line":8},"2":{"name":"(anonymous_2)","decl":{"start":{"line":12,"column":26},"end":{"line":12,"column":27}},"loc":{"start":{"line":12,"column":32},"end":{"line":14,"column":1}},"line":12},"3":{"name":"(anonymous_3)","decl":{"start":{"line":115,"column":26},"end":{"line":115,"column":27}},"loc":{"start":{"line":115,"column":43},"end":{"line":144,"column":1}},"line":115}},"branchMap":{"0":{"loc":{"start":{"line":5,"column":9},"end":{"line":5,"column":53}},"type":"cond-expr","locations":[{"start":{"line":5,"column":23},"end":{"line":5,"column":46}},{"start":{"line":5,"column":49},"end":{"line":5,"column":53}}],"line":5},"1":{"loc":{"start":{"line":116,"column":2},"end":{"line":142,"column":3}},"type":"switch","locations":[{"start":{"line":117,"column":4},"end":{"line":120,"column":8}},{"start":{"line":121,"column":4},"end":{"line":124,"column":8}},{"start":{"line":125,"column":4},"end":{"line":128,"column":8}},{"start":{"line":129,"column":4},"end":{"line":132,"column":8}},{"start":{"line":133,"column":4},"end":{"line":136,"column":8}},{"start":{"line":138,"column":4},"end":{"line":141,"column":8}}],"line":116}},"s":{"0":1,"1":15,"2":15,"3":1,"4":0,"5":1,"6":0,"7":1,"8":1,"9":1,"10":0,"11":0,"12":0,"13":0,"14":0,"15":0,"16":0},"f":{"0":15,"1":0,"2":0,"3":0},"b":{"0":[15,0],"1":[0,0,0,0,0,0]},"meta":{"lastBranch":2,"lastFunction":4,"lastStatement":17,"seen":{"s:3:24:6:1":0,"f:3:24:3:25":0,"s:4:22:4:50":1,"s:5:2:5:54":2,"b:5:23:5:46:5:49:5:53":0,"s:8:24:10:1":3,"f:8:24:8:25":1,"s:9:2:9:53":4,"s:12:26:14:1":5,"f:12:26:12:27":2,"s:13:2:13:27":6,"s:16:27:107:1":7,"s:109:26:113:11":8,"s:115:26:144:1":9,"f:115:26:115:27":3,"b:117:4:120:8:121:4:124:8:125:4:128:8:129:4:132:8:133:4:136:8:138:4:141:8":1,"s:116:2:142:3":10,"s:118:6:120:8":11,"s:122:6:124:8":12,"s:126:6:128:8":13,"s:130:6:132:8":14,"s:134:6:136:8":15,"s:139:6:141:8":16}}}
}
